# SPDX-FileCopyrightText: 2022-2023 Technology Innovation Institute (TII)
# SPDX-License-Identifier: Apache-2.0

## List of packages to install in the setup phase

## These gnu.org packages are needed to build the tools that would
## make downloading from gnu.org possible, at least by the method
## that nixpkgs recipes for them use.
/nix/store/f45dpx8vxhfckg2mbbns9dy1l82i74jz-coreutils-9.1.tar.xz
/nix/store/g3pzpdicszf700d5xffyk939jzxa4r2k-autoconf-2.71.tar.xz
/nix/store/y954pl28vm03qfhvqrgyspwwv28b5lyi-findutils-4.9.0.tar.xz
/nix/store/a73wzcks7h2y814qxa1z3kv1hg205mpm-bash52-001
/nix/store/xc3h9isl5566i6a4pvdsgin26rchijrq-bash52-002
/nix/store/sxc8xmi7caxaiywzh15za9crpk3bw98z-bash52-003
/nix/store/2ynclzrdl0hy9miy6k8gcwgzw4mhsmd0-bash52-004
/nix/store/z76vsdh69cvwkwhwg69k7d1znwjmx6hf-bash52-005
/nix/store/1fw5fcsjz9wcbf13a5xs4i2cjfircp3x-bash52-006
/nix/store/rs1qdpy1nb3x07g4vqvb4s774qhq9f0w-bash52-007
/nix/store/jn9f2mr2jdm9yn5hi0pws44nbfrah8d3-bash52-008
/nix/store/j8vipdfzslz4aa7aj0amwd4msxa9hhpl-bash52-009
/nix/store/24ygbbc9k6vjc4vhz2j6a9dkdgmqgc6n-bash52-010
/nix/store/sim601rd1y3hsap9qkn25cwprsa9aipp-bash52-011
/nix/store/x1sqwqn02c5mnpi8hbqlxpbm3rahq5dm-bash52-012
/nix/store/wcpqrbsljh2x04qccs6jv9z8c9y1c3cd-bash52-013
/nix/store/cddj9qpc4l62qjy6vvf7gp50mfqaf506-bash52-014
/nix/store/pjp935kxwai47zyx1wpwadls00m9nmib-bash52-015

## AARCH-64, evaluation phase (also derivations listed, as comments)
#/nix/store/iislvba5pr44gjxs0va0pg2lmkwjnf4v-optee_xtest-35.3.1.drv
/nix/store/pqnldaacwhv6anfxadv3a6mizq2sprrz-gcc-wrapper-12.2.0
/nix/store/bb64dnzrmb4vrpwx11c2x3zf1fqqxj3y-make-binary-wrapper-hook
/nix/store/imqxn76v8zrlral4xk2rikmhxxnwdi3q-python3.10-cffi-1.15.1
/nix/store/jld2llc56dyaj78m4mg09hci52bflkgp-python3.10-cryptography-40.0.1
/nix/store/dmdl6y72zwi3n91snl8h035njgr7nmwn-python3.10-pyelftools-0.29
/nix/store/sqbz8ndadxal7s9ambvr7z5h6njmqiv7-stdenv-linux
/nix/store/sxhw3z5s993wgbj8p4g75xgq165ywv4c-util-linux-minimal-2.38.1-bin
/nix/store/n1k64klfbmli15b5xv1jnqvlfgyabnvk-util-linux-minimal-2.38.1-dev

#/nix/store/39h9vifn85p6573xh60b9y1hc91344by-builder.pl.drv
#/nix/store/3i2p6xbqaq0dfkfh4r1p8sr5jg8qasvg-l4t-unpacked.drv
#/nix/store/k60hnnz4v7yjqbsqs3kxx36gj71gg33x-python3-3.10.13-env.drv
#/nix/store/qbdkiamlvflff180cp2v1i4ny1s04ffl-optee_client-35.3.1.drv
#/nix/store/j7ng84yjzch3d3gszvqinjbj5lpg8ah3-python3-3.10.13-env.drv
#/nix/store/bsc3390r1dda73fbh7sxz7wvzvds2dib-optee-ta-dev-kit-35.3.1.drv
#/nix/store/kb4xlxf3v1ly4jzd6bmx42jpg03bm3qb-python3.10-pytest-xdist-3.2.1.drv

## Other files failing to download on from-scratch build
/nix/store/byib83r321c1fjgdk37kai1q1zxncra7-sys-cdefs.h
/nix/store/06d2xkrl3h1pbyg3m1whz1mvhafqgsqq-source
/nix/store/rnay1kyfxqvjhmk0bfj7g85q6zskk1xy-sys-tree.h
/nix/store/08cgqvix4am7rhgkp6j77mv9k9ia7p7q-CVE-2020-35492.patch
/nix/store/ah9gyp7rxak9ig2q829myn6172jn302f-hack-font-3.003
/nix/store/n47nsa09pban4cjhbcapm7a7lp7n1x5k-fira-code-6.2
/nix/store/dqaik3rwbhrfjhmsrik1ja9g8dq5dy7y-fix-bug-80431.patch
/nix/store/lfz6fzhys64rv8ly7nfgp7vprxsyzwrd-source
/nix/store/wwbjnqk1ck45cq33gfgj61vnbiy7p2dy-port-for-apache2.4.patch
/nix/store/kkcl3faab7hcqavy66mbccmffgw5ngy6-pax-utils-1.3.7.tar.xz
/nix/store/3yy8nyl6cgzr9v2kjdmw0klhicz91vzn-sysstat-12.6.2.tar.xz

## nix-2023.05
/nix/store/mdrv8znlgnysqzq1hnv46vi9jmnsc1bc-mpc-1.3.1.tar.gz
/nix/store/v28dv6l0qk3j382kp40bksa1v6h7dx9p-bash-5.2.tar.gz
/nix/store/zkas816mjrr8ijdj29qs4wqyn38l4j12-libunistring-1.1.tar.gz
/nix/store/0avnvyc7pkcr4pjqws7hwpy87m6wlnjc-make-4.4.1.tar.gz

## RISC-V
/nix/store/xjc3kbwkz4w48p9jq81mkd3cxcq7pzxm-fakeroot_1.29.orig.tar.gz
/nix/store/j6ij02s4aq6di55xgm22hdybhjb0fmgv-also-wrap-stat-library-call.patch
/nix/store/rv4gqdkg4s0zq1csbjm1b253kcy1798j-dhcpcd-9.4.1.tar.xz
/nix/store/89hvrm92nv63x565nc2nds0kz2b8mm7g-openresolv-3.12.0.tar.xz
